<?xml version="1.0" encoding="UTF-8"?>
<!-- Generated by org.testng.reporters.JUnitXMLReporter -->
<testsuite ignored="2" hostname="TYSS-Vijayalaxmi" failures="0" tests="1" name="Test" time="0.042" errors="0" timestamp="2023-09-30T14:53:24 IST">
  <testcase classname="Jenkins.DemoTest" name="demoTest" time="0.007"/>
  <testcase classname="Jenkins.DemoTest" name="demo2Test" time="0.0">
    <ignored/>
  </testcase> <!-- demo2Test -->
  <testcase classname="Jenkins.SampleTest" name="sample" time="0.0">
    <ignored/>
  </testcase> <!-- sample -->
</testsuite> <!-- Test -->
