<?xml version="1.0" encoding="UTF-8"?>
<testng-results ignored="2" total="3" passed="1" failed="0" skipped="0">
  <reporter-output>
  </reporter-output>
  <suite started-at="2023-09-30T14:53:24 IST" name="Suite" finished-at="2023-09-30T14:53:24 IST" duration-ms="42">
    <groups>
      <group name="smoke">
        <method signature="DemoTest.demoTest()[pri:0, instance:Jenkins.DemoTest@7c24b813]" name="demoTest" class="Jenkins.DemoTest"/>
      </group> <!-- smoke -->
    </groups>
    <test started-at="2023-09-30T14:53:24 IST" name="Test" finished-at="2023-09-30T14:53:24 IST" duration-ms="42">
      <class name="Jenkins.DemoTest">
        <test-method signature="demoTest()[pri:0, instance:Jenkins.DemoTest@7c24b813]" started-at="2023-09-30T14:53:24 IST" name="demoTest" finished-at="2023-09-30T14:53:24 IST" duration-ms="7" status="PASS">
          <reporter-output>
          </reporter-output>
        </test-method> <!-- demoTest -->
      </class> <!-- Jenkins.DemoTest -->
    </test> <!-- Test -->
  </suite> <!-- Suite -->
</testng-results>
